{"/Users/nicole/dev-academy/chatbot/server/server.js": {"path":"/Users/nicole/dev-academy/chatbot/server/server.js","statementMap":{"0":{"start":{"line":1,"column":13},"end":{"line":1,"column":28}},"1":{"start":{"line":2,"column":16},"end":{"line":2,"column":34}},"2":{"start":{"line":4,"column":15},"end":{"line":4,"column":24}},"3":{"start":{"line":5,"column":0},"end":{"line":5,"column":26}},"4":{"start":{"line":6,"column":0},"end":{"line":6,"column":58}},"5":{"start":{"line":8,"column":16},"end":{"line":8,"column":43}},"6":{"start":{"line":9,"column":17},"end":{"line":9,"column":45}},"7":{"start":{"line":11,"column":0},"end":{"line":11,"column":38}},"8":{"start":{"line":12,"column":0},"end":{"line":12,"column":40}},"9":{"start":{"line":14,"column":0},"end":{"line":16,"column":2}},"10":{"start":{"line":15,"column":2},"end":{"line":15,"column":56}},"11":{"start":{"line":18,"column":0},"end":{"line":18,"column":23}}},"fnMap":{"0":{"name":"(anonymous_0)","decl":{"start":{"line":14,"column":16},"end":{"line":14,"column":17}},"loc":{"start":{"line":14,"column":30},"end":{"line":16,"column":1}},"line":14}},"branchMap":{},"s":{"0":2,"1":2,"2":2,"3":2,"4":2,"5":2,"6":2,"7":2,"8":2,"9":2,"10":0,"11":2},"f":{"0":0},"b":{},"_coverageSchema":"1a1c01bbd47fc00a2c39e90264f33305004495a9","hash":"87fb9112616c84e539dc92619ff224cf51792a7a"}
,"/Users/nicole/dev-academy/chatbot/server/db/db.js": {"path":"/Users/nicole/dev-academy/chatbot/server/db/db.js","statementMap":{"0":{"start":{"line":1,"column":20},"end":{"line":1,"column":57}},"1":{"start":{"line":2,"column":15},"end":{"line":2,"column":49}},"2":{"start":{"line":3,"column":19},"end":{"line":3,"column":42}},"3":{"start":{"line":5,"column":0},"end":{"line":12,"column":1}},"4":{"start":{"line":15,"column":2},"end":{"line":15,"column":40}},"5":{"start":{"line":19,"column":2},"end":{"line":19,"column":32}},"6":{"start":{"line":23,"column":2},"end":{"line":31,"column":37}},"7":{"start":{"line":35,"column":2},"end":{"line":43,"column":37}},"8":{"start":{"line":47,"column":2},"end":{"line":47,"column":31}},"9":{"start":{"line":51,"column":19},"end":{"line":51,"column":39}},"10":{"start":{"line":52,"column":19},"end":{"line":52,"column":41}},"11":{"start":{"line":54,"column":2},"end":{"line":69,"column":3}},"12":{"start":{"line":55,"column":4},"end":{"line":58,"column":14}},"13":{"start":{"line":59,"column":9},"end":{"line":69,"column":3}},"14":{"start":{"line":60,"column":4},"end":{"line":63,"column":14}},"15":{"start":{"line":65,"column":4},"end":{"line":68,"column":14}}},"fnMap":{"0":{"name":"addVisitor","decl":{"start":{"line":14,"column":9},"end":{"line":14,"column":19}},"loc":{"start":{"line":14,"column":43},"end":{"line":16,"column":1}},"line":14},"1":{"name":"getVisitors","decl":{"start":{"line":18,"column":9},"end":{"line":18,"column":20}},"loc":{"start":{"line":18,"column":38},"end":{"line":20,"column":1}},"line":18},"2":{"name":"personaliseGreeting","decl":{"start":{"line":22,"column":9},"end":{"line":22,"column":28}},"loc":{"start":{"line":22,"column":52},"end":{"line":32,"column":1}},"line":22},"3":{"name":"personaliseFarewell","decl":{"start":{"line":34,"column":9},"end":{"line":34,"column":28}},"loc":{"start":{"line":34,"column":52},"end":{"line":44,"column":1}},"line":34},"4":{"name":"getReplies","decl":{"start":{"line":46,"column":9},"end":{"line":46,"column":19}},"loc":{"start":{"line":46,"column":37},"end":{"line":48,"column":1}},"line":46},"5":{"name":"getReply","decl":{"start":{"line":50,"column":9},"end":{"line":50,"column":17}},"loc":{"start":{"line":50,"column":44},"end":{"line":70,"column":1}},"line":50}},"branchMap":{"0":{"loc":{"start":{"line":1,"column":20},"end":{"line":1,"column":57}},"type":"binary-expr","locations":[{"start":{"line":1,"column":20},"end":{"line":1,"column":40}},{"start":{"line":1,"column":44},"end":{"line":1,"column":57}}],"line":1},"1":{"loc":{"start":{"line":14,"column":26},"end":{"line":14,"column":41}},"type":"default-arg","locations":[{"start":{"line":14,"column":31},"end":{"line":14,"column":41}}],"line":14},"2":{"loc":{"start":{"line":18,"column":21},"end":{"line":18,"column":36}},"type":"default-arg","locations":[{"start":{"line":18,"column":26},"end":{"line":18,"column":36}}],"line":18},"3":{"loc":{"start":{"line":22,"column":35},"end":{"line":22,"column":50}},"type":"default-arg","locations":[{"start":{"line":22,"column":40},"end":{"line":22,"column":50}}],"line":22},"4":{"loc":{"start":{"line":34,"column":35},"end":{"line":34,"column":50}},"type":"default-arg","locations":[{"start":{"line":34,"column":40},"end":{"line":34,"column":50}}],"line":34},"5":{"loc":{"start":{"line":46,"column":20},"end":{"line":46,"column":35}},"type":"default-arg","locations":[{"start":{"line":46,"column":25},"end":{"line":46,"column":35}}],"line":46},"6":{"loc":{"start":{"line":50,"column":27},"end":{"line":50,"column":42}},"type":"default-arg","locations":[{"start":{"line":50,"column":32},"end":{"line":50,"column":42}}],"line":50},"7":{"loc":{"start":{"line":54,"column":2},"end":{"line":69,"column":3}},"type":"if","locations":[{"start":{"line":54,"column":2},"end":{"line":69,"column":3}},{"start":{"line":59,"column":9},"end":{"line":69,"column":3}}],"line":54},"8":{"loc":{"start":{"line":59,"column":9},"end":{"line":69,"column":3}},"type":"if","locations":[{"start":{"line":59,"column":9},"end":{"line":69,"column":3}},{"start":{"line":64,"column":9},"end":{"line":69,"column":3}}],"line":59}},"s":{"0":2,"1":2,"2":2,"3":2,"4":0,"5":0,"6":0,"7":0,"8":0,"9":0,"10":0,"11":0,"12":0,"13":0,"14":0,"15":0},"f":{"0":0,"1":0,"2":0,"3":0,"4":0,"5":0},"b":{"0":[2,0],"1":[0],"2":[0],"3":[0],"4":[0],"5":[0],"6":[0],"7":[0,0],"8":[0,0]},"_coverageSchema":"1a1c01bbd47fc00a2c39e90264f33305004495a9","hash":"fc2034e63d730bf3e3fdefc371cd86f2b74943ab"}
,"/Users/nicole/dev-academy/chatbot/server/db/knexfile.js": {"path":"/Users/nicole/dev-academy/chatbot/server/db/knexfile.js","statementMap":{"0":{"start":{"line":1,"column":13},"end":{"line":1,"column":28}},"1":{"start":{"line":3,"column":0},"end":{"line":41,"column":1}}},"fnMap":{},"branchMap":{},"s":{"0":2,"1":2},"f":{},"b":{},"_coverageSchema":"1a1c01bbd47fc00a2c39e90264f33305004495a9","hash":"24e62ec56401607f088dd0be4f5e9624769694cb"}
,"/Users/nicole/dev-academy/chatbot/server/routes/replies.js": {"path":"/Users/nicole/dev-academy/chatbot/server/routes/replies.js","statementMap":{"0":{"start":{"line":1,"column":16},"end":{"line":1,"column":34}},"1":{"start":{"line":2,"column":15},"end":{"line":2,"column":31}},"2":{"start":{"line":4,"column":11},"end":{"line":4,"column":30}},"3":{"start":{"line":8,"column":0},"end":{"line":21,"column":2}},"4":{"start":{"line":9,"column":18},"end":{"line":9,"column":36}},"5":{"start":{"line":10,"column":22},"end":{"line":10,"column":51}},"6":{"start":{"line":11,"column":2},"end":{"line":20,"column":6}},"7":{"start":{"line":13,"column":27},"end":{"line":13,"column":59}},"8":{"start":{"line":14,"column":20},"end":{"line":14,"column":45}},"9":{"start":{"line":15,"column":6},"end":{"line":15,"column":21}},"10":{"start":{"line":18,"column":6},"end":{"line":18,"column":30}},"11":{"start":{"line":19,"column":6},"end":{"line":19,"column":39}},"12":{"start":{"line":24,"column":0},"end":{"line":32,"column":2}},"13":{"start":{"line":25,"column":2},"end":{"line":31,"column":6}},"14":{"start":{"line":27,"column":6},"end":{"line":27,"column":23}},"15":{"start":{"line":30,"column":6},"end":{"line":30,"column":39}},"16":{"start":{"line":34,"column":0},"end":{"line":34,"column":23}}},"fnMap":{"0":{"name":"(anonymous_0)","decl":{"start":{"line":8,"column":24},"end":{"line":8,"column":25}},"loc":{"start":{"line":8,"column":38},"end":{"line":21,"column":1}},"line":8},"1":{"name":"(anonymous_1)","decl":{"start":{"line":12,"column":10},"end":{"line":12,"column":11}},"loc":{"start":{"line":12,"column":23},"end":{"line":16,"column":5}},"line":12},"2":{"name":"(anonymous_2)","decl":{"start":{"line":17,"column":11},"end":{"line":17,"column":12}},"loc":{"start":{"line":17,"column":20},"end":{"line":20,"column":5}},"line":17},"3":{"name":"(anonymous_3)","decl":{"start":{"line":24,"column":16},"end":{"line":24,"column":17}},"loc":{"start":{"line":24,"column":30},"end":{"line":32,"column":1}},"line":24},"4":{"name":"(anonymous_4)","decl":{"start":{"line":26,"column":10},"end":{"line":26,"column":11}},"loc":{"start":{"line":26,"column":23},"end":{"line":28,"column":5}},"line":26},"5":{"name":"(anonymous_5)","decl":{"start":{"line":29,"column":11},"end":{"line":29,"column":12}},"loc":{"start":{"line":29,"column":20},"end":{"line":31,"column":5}},"line":29}},"branchMap":{},"s":{"0":2,"1":2,"2":2,"3":2,"4":2,"5":2,"6":2,"7":1,"8":1,"9":1,"10":1,"11":1,"12":2,"13":2,"14":1,"15":1,"16":2},"f":{"0":2,"1":1,"2":1,"3":2,"4":1,"5":1},"b":{},"_coverageSchema":"1a1c01bbd47fc00a2c39e90264f33305004495a9","hash":"d952b033108f875879bbfeda76097ed47fe4f853"}
,"/Users/nicole/dev-academy/chatbot/server/routes/visitors.js": {"path":"/Users/nicole/dev-academy/chatbot/server/routes/visitors.js","statementMap":{"0":{"start":{"line":1,"column":16},"end":{"line":1,"column":34}},"1":{"start":{"line":2,"column":15},"end":{"line":2,"column":31}},"2":{"start":{"line":4,"column":11},"end":{"line":4,"column":30}},"3":{"start":{"line":7,"column":0},"end":{"line":21,"column":2}},"4":{"start":{"line":8,"column":15},"end":{"line":8,"column":30}},"5":{"start":{"line":9,"column":2},"end":{"line":20,"column":6}},"6":{"start":{"line":12,"column":6},"end":{"line":12,"column":41}},"7":{"start":{"line":15,"column":6},"end":{"line":15,"column":25}},"8":{"start":{"line":18,"column":6},"end":{"line":18,"column":32}},"9":{"start":{"line":19,"column":6},"end":{"line":19,"column":44}},"10":{"start":{"line":24,"column":0},"end":{"line":33,"column":2}},"11":{"start":{"line":25,"column":15},"end":{"line":25,"column":28}},"12":{"start":{"line":26,"column":2},"end":{"line":32,"column":6}},"13":{"start":{"line":28,"column":6},"end":{"line":28,"column":17}},"14":{"start":{"line":31,"column":6},"end":{"line":31,"column":44}},"15":{"start":{"line":36,"column":0},"end":{"line":44,"column":2}},"16":{"start":{"line":37,"column":2},"end":{"line":43,"column":6}},"17":{"start":{"line":39,"column":6},"end":{"line":39,"column":23}},"18":{"start":{"line":42,"column":6},"end":{"line":42,"column":39}},"19":{"start":{"line":46,"column":0},"end":{"line":46,"column":23}}},"fnMap":{"0":{"name":"(anonymous_0)","decl":{"start":{"line":7,"column":21},"end":{"line":7,"column":22}},"loc":{"start":{"line":7,"column":35},"end":{"line":21,"column":1}},"line":7},"1":{"name":"(anonymous_1)","decl":{"start":{"line":11,"column":10},"end":{"line":11,"column":11}},"loc":{"start":{"line":11,"column":16},"end":{"line":13,"column":5}},"line":11},"2":{"name":"(anonymous_2)","decl":{"start":{"line":14,"column":10},"end":{"line":14,"column":11}},"loc":{"start":{"line":14,"column":16},"end":{"line":16,"column":5}},"line":14},"3":{"name":"(anonymous_3)","decl":{"start":{"line":17,"column":11},"end":{"line":17,"column":12}},"loc":{"start":{"line":17,"column":22},"end":{"line":20,"column":5}},"line":17},"4":{"name":"(anonymous_4)","decl":{"start":{"line":24,"column":20},"end":{"line":24,"column":21}},"loc":{"start":{"line":24,"column":34},"end":{"line":33,"column":1}},"line":24},"5":{"name":"(anonymous_5)","decl":{"start":{"line":27,"column":10},"end":{"line":27,"column":11}},"loc":{"start":{"line":27,"column":20},"end":{"line":29,"column":5}},"line":27},"6":{"name":"(anonymous_6)","decl":{"start":{"line":30,"column":11},"end":{"line":30,"column":12}},"loc":{"start":{"line":30,"column":17},"end":{"line":32,"column":5}},"line":30},"7":{"name":"(anonymous_7)","decl":{"start":{"line":36,"column":16},"end":{"line":36,"column":17}},"loc":{"start":{"line":36,"column":30},"end":{"line":44,"column":1}},"line":36},"8":{"name":"(anonymous_8)","decl":{"start":{"line":38,"column":10},"end":{"line":38,"column":11}},"loc":{"start":{"line":38,"column":23},"end":{"line":40,"column":5}},"line":38},"9":{"name":"(anonymous_9)","decl":{"start":{"line":41,"column":11},"end":{"line":41,"column":12}},"loc":{"start":{"line":41,"column":20},"end":{"line":43,"column":5}},"line":41}},"branchMap":{},"s":{"0":2,"1":2,"2":2,"3":2,"4":0,"5":0,"6":0,"7":0,"8":0,"9":0,"10":2,"11":0,"12":0,"13":0,"14":0,"15":2,"16":2,"17":1,"18":1,"19":2},"f":{"0":0,"1":0,"2":0,"3":0,"4":0,"5":0,"6":0,"7":2,"8":1,"9":1},"b":{},"_coverageSchema":"1a1c01bbd47fc00a2c39e90264f33305004495a9","hash":"1edc22e1ce81ac60d34c76b40fb1bb97f4f70032"}
}
