TN:
SF:server/server.js
FN:14,(anonymous_0)
FNF:1
FNH:0
FNDA:0,(anonymous_0)
DA:1,2
DA:2,2
DA:4,2
DA:5,2
DA:6,2
DA:8,2
DA:9,2
DA:11,2
DA:12,2
DA:14,2
DA:15,0
DA:18,2
LF:12
LH:11
BRF:0
BRH:0
end_of_record
TN:
SF:server/db/db.js
FN:14,addVisitor
FN:18,getVisitors
FN:22,personaliseGreeting
FN:34,personaliseFarewell
FN:46,getReplies
FN:50,getReply
FNF:6
FNH:0
FNDA:0,addVisitor
FNDA:0,getVisitors
FNDA:0,personaliseGreeting
FNDA:0,personaliseFarewell
FNDA:0,getReplies
FNDA:0,getReply
DA:1,2
DA:2,2
DA:3,2
DA:5,2
DA:15,0
DA:19,0
DA:23,0
DA:35,0
DA:47,0
DA:51,0
DA:52,0
DA:54,0
DA:55,0
DA:59,0
DA:60,0
DA:65,0
LF:16
LH:4
BRDA:1,0,0,2
BRDA:1,0,1,0
BRDA:14,1,0,0
BRDA:18,2,0,0
BRDA:22,3,0,0
BRDA:34,4,0,0
BRDA:46,5,0,0
BRDA:50,6,0,0
BRDA:54,7,0,0
BRDA:54,7,1,0
BRDA:59,8,0,0
BRDA:59,8,1,0
BRF:12
BRH:1
end_of_record
TN:
SF:server/db/knexfile.js
FNF:0
FNH:0
DA:1,2
DA:3,2
LF:2
LH:2
BRF:0
BRH:0
end_of_record
TN:
SF:server/routes/replies.js
FN:8,(anonymous_0)
FN:12,(anonymous_1)
FN:17,(anonymous_2)
FN:24,(anonymous_3)
FN:26,(anonymous_4)
FN:29,(anonymous_5)
FNF:6
FNH:6
FNDA:2,(anonymous_0)
FNDA:1,(anonymous_1)
FNDA:1,(anonymous_2)
FNDA:2,(anonymous_3)
FNDA:1,(anonymous_4)
FNDA:1,(anonymous_5)
DA:1,2
DA:2,2
DA:4,2
DA:8,2
DA:9,2
DA:10,2
DA:11,2
DA:13,1
DA:14,1
DA:15,1
DA:18,1
DA:19,1
DA:24,2
DA:25,2
DA:27,1
DA:30,1
DA:34,2
LF:17
LH:17
BRF:0
BRH:0
end_of_record
TN:
SF:server/routes/visitors.js
FN:7,(anonymous_0)
FN:11,(anonymous_1)
FN:14,(anonymous_2)
FN:17,(anonymous_3)
FN:24,(anonymous_4)
FN:27,(anonymous_5)
FN:30,(anonymous_6)
FN:36,(anonymous_7)
FN:38,(anonymous_8)
FN:41,(anonymous_9)
FNF:10
FNH:3
FNDA:0,(anonymous_0)
FNDA:0,(anonymous_1)
FNDA:0,(anonymous_2)
FNDA:0,(anonymous_3)
FNDA:0,(anonymous_4)
FNDA:0,(anonymous_5)
FNDA:0,(anonymous_6)
FNDA:2,(anonymous_7)
FNDA:1,(anonymous_8)
FNDA:1,(anonymous_9)
DA:1,2
DA:2,2
DA:4,2
DA:7,2
DA:8,0
DA:9,0
DA:12,0
DA:15,0
DA:18,0
DA:19,0
DA:24,2
DA:25,0
DA:26,0
DA:28,0
DA:31,0
DA:36,2
DA:37,2
DA:39,1
DA:42,1
DA:46,2
LF:20
LH:10
BRF:0
BRH:0
end_of_record
